#
# There is insufficient memory for the Java Runtime Environment to continue.
# Native memory allocation (mmap) failed to map 268435456 bytes for G1 virtual space
# Possible reasons:
#   The system is out of physical RAM or swap space
#   The process is running with CompressedOops enabled, and the Java Heap may be blocking the growth of the native heap
# Possible solutions:
#   Reduce memory load on the system
#   Increase physical memory or swap space
#   Check if swap backing store is full
#   Decrease Java heap size (-Xmx/-Xms)
#   Decrease number of Java threads
#   Decrease Java thread stack sizes (-Xss)
#   Set larger code cache with -XX:ReservedCodeCacheSize=
#   JVM is running with Zero Based Compressed Oops mode in which the Java heap is
#     placed in the first 32GB address space. The Java Heap base address is the
#     maximum limit for the native heap growth. Please use -XX:HeapBaseMinAddress
#     to set the Java Heap base and to place the Java Heap above 32GB virtual address.
# This output file may be truncated or incomplete.
#
#  Out of Memory Error (./open/src/hotspot/os/windows/os_windows.cpp:3472), pid=8656, tid=10436
#
# JRE version:  (15.0.1+9) (build )
# Java VM: Java HotSpot(TM) 64-Bit Server VM (15.0.1+9-18, mixed mode, sharing, tiered, compressed oops, g1 gc, windows-amd64)
# No core dump will be written. Minidumps are not enabled by default on client versions of Windows
#

---------------  S U M M A R Y ------------

Command Line: -javaagent:F:\Java\ideaIC-2020.3.2\lib\idea_rt.jar=3968:F:\Java\ideaIC-2020.3.2\bin -Dfile.encoding=UTF-8 com.算法x动态规划算法.LC45跳跃游戏II

Host: Intel(R) Core(TM) i7-8750H CPU @ 2.20GHz, 12 cores, 15G,  Windows 10 , 64 bit Build 18362 (10.0.18362.1500)
Time: Mon Apr 19 17:16:31 2021 ?D1ú±ê×?ê±?? elapsed time: 0.035493 seconds (0d 0h 0m 0s)

---------------  T H R E A D  ---------------

Current thread (0x000001d3c3494310):  JavaThread "Unknown thread" [_thread_in_vm, id=10436, stack(0x0000005450400000,0x0000005450500000)]

Stack: [0x0000005450400000,0x0000005450500000]
Native frames: (J=compiled Java code, j=interpreted, Vv=VM code, C=native code)
V  [jvm.dll+0x62ae9a]
V  [jvm.dll+0x781389]
V  [jvm.dll+0x782ae3]
V  [jvm.dll+0x783143]
V  [jvm.dll+0x216265]
V  [jvm.dll+0x6281d9]
V  [jvm.dll+0x61cd15]
V  [jvm.dll+0x2d01fd]
V  [jvm.dll+0x2d0062]
V  [jvm.dll+0x2d603c]
V  [jvm.dll+0x325b2a]
V  [jvm.dll+0x3251f4]
V  [jvm.dll+0x2a717a]
V  [jvm.dll+0x2a8318]
V  [jvm.dll+0x75e101]
V  [jvm.dll+0x3343e4]
V  [jvm.dll+0x73e826]
V  [jvm.dll+0x3b7777]
V  [jvm.dll+0x3b9201]
C  [jli.dll+0x52fb]
C  [ucrtbase.dll+0x210b2]
C  [KERNEL32.DLL+0x17c24]
C  [ntdll.dll+0x6d721]


---------------  P R O C E S S  ---------------

Threads class SMR info:
_java_thread_list=0x00007ffe21fe4ff0, length=0, elements={
}

Java Threads: ( => current thread )

Other Threads:
  0x000001d3c34e40d0 GCTaskThread "GC Thread#0" [stack: 0x0000005450500000,0x0000005450600000] [id=17276]
  0x000001d3c34f51e0 ConcurrentGCThread "G1 Main Marker" [stack: 0x0000005450600000,0x0000005450700000] [id=1904]
  0x000001d3c34f5e50 ConcurrentGCThread "G1 Conc#0" [stack: 0x0000005450700000,0x0000005450800000] [id=3616]

[error occurred during error reporting (printing all threads), id 0xc0000005, EXCEPTION_ACCESS_VIOLATION (0xc0000005) at pc=0x00007ffe217d8047]

VM state: not at safepoint (not fully initialized)

VM Mutex/Monitor currently owned by a thread:  ([mutex/lock_event])
[0x000001d3c3490e80] Heap_lock - owner thread: 0x000001d3c3494310

Heap address: 0x0000000701c00000, size: 4068 MB, Compressed Oops mode: Zero based, Oop shift amount: 3
CDS archive(s) mapped at: [0x0000000000000000-0x0000000000000000-0x0000000000000000), size 0, SharedBaseAddress: 0x0000000800000000, ArchiveRelocationMode: 0.
Narrow klass base: 0x0000000000000000, Narrow klass shift: 0, Narrow klass range: 0x0

Heap:
 garbage-first heap   total 262144K, used 0K [0x0000000701c00000, 0x0000000800000000)
  region size 2048K, 0 young (0K), 0 survivors (0K)
 Metaspace       used 0K, capacity 0K, committed 0K, reserved 0K
  class space    used 0K, capacity 0K, committed 0K, reserved 0K

Heap Regions: E=young(eden), S=young(survivor), O=old, HS=humongous(starts), HC=humongous(continues), CS=collection set, F=free, OA=open archive, CA=closed archive, TAMS=top-at-mark-start (previous, next)

Card table byte_map: [0x000001d3dd340000,0x000001d3ddb40000] _byte_map_base: 0x000001d3d9b32000

Marking Bits (Prev, Next): (CMBitMap*) 0x000001d3c34e4940, (CMBitMap*) 0x000001d3c34e4980
 Prev Bits: [0x000001d3de340000, 0x000001d3e22d0000)
 Next Bits: [0x000001d3e22d0000, 0x000001d3e6260000)

GC Heap History (0 events):
No events

Deoptimization events (0 events):
No events

Classes unloaded (0 events):
No events

Classes redefined (0 events):
No events

Internal exceptions (0 events):
No events

Events (1 events):
Event: 0.014 Loaded shared library F:\Jvav_JDK\jdk_15.0.1\bin\java.dll


Dynamic libraries:
0x00007ff60d7f0000 - 0x00007ff60d7ff000 	F:\Jvav_JDK\jdk_15.0.1\bin\java.exe
0x00007ffe721a0000 - 0x00007ffe72390000 	C:\WINDOWS\SYSTEM32\ntdll.dll
0x00007ffe70550000 - 0x00007ffe70602000 	C:\WINDOWS\System32\KERNEL32.DLL
0x00007ffe6f110000 - 0x00007ffe6f3b5000 	C:\WINDOWS\System32\KERNELBASE.dll
0x00007ffe6f520000 - 0x00007ffe6f61a000 	C:\WINDOWS\System32\ucrtbase.dll
0x00007ffe50fa0000 - 0x00007ffe50fb9000 	F:\Jvav_JDK\jdk_15.0.1\bin\VCRUNTIME140.dll
0x00007ffe52db0000 - 0x00007ffe52dc8000 	F:\Jvav_JDK\jdk_15.0.1\bin\jli.dll
0x00007ffe711c0000 - 0x00007ffe71263000 	C:\WINDOWS\System32\ADVAPI32.dll
0x00007ffe70250000 - 0x00007ffe702ee000 	C:\WINDOWS\System32\msvcrt.dll
0x00007ffe70300000 - 0x00007ffe70397000 	C:\WINDOWS\System32\sechost.dll
0x00007ffe70780000 - 0x00007ffe7089f000 	C:\WINDOWS\System32\RPCRT4.dll
0x00007ffe71ef0000 - 0x00007ffe72084000 	C:\WINDOWS\System32\USER32.dll
0x00007ffe6fa20000 - 0x00007ffe6fa41000 	C:\WINDOWS\System32\win32u.dll
0x00007ffe703a0000 - 0x00007ffe703c6000 	C:\WINDOWS\System32\GDI32.dll
0x00007ffe6f770000 - 0x00007ffe6f908000 	C:\WINDOWS\System32\gdi32full.dll
0x00007ffe6e540000 - 0x00007ffe6e7c4000 	C:\WINDOWS\WinSxS\amd64_microsoft.windows.common-controls_6595b64144ccf1df_6.0.18362.1500_none_9e79be6de462295c\COMCTL32.dll
0x00007ffe6f620000 - 0x00007ffe6f6be000 	C:\WINDOWS\System32\msvcp_win.dll
0x00007ffe719f0000 - 0x00007ffe71d26000 	C:\WINDOWS\System32\combase.dll
0x00007ffe6f910000 - 0x00007ffe6f991000 	C:\WINDOWS\System32\bcryptPrimitives.dll
0x00007ffe68e00000 - 0x00007ffe68e0a000 	C:\WINDOWS\SYSTEM32\VERSION.dll
0x00007ffe70610000 - 0x00007ffe7063e000 	C:\WINDOWS\System32\IMM32.DLL
0x00007ffe5f630000 - 0x00007ffe5f63c000 	F:\Jvav_JDK\jdk_15.0.1\bin\vcruntime140_1.dll
0x00007ffe2e6a0000 - 0x00007ffe2e731000 	F:\Jvav_JDK\jdk_15.0.1\bin\msvcp140.dll
0x00007ffe21520000 - 0x00007ffe2207e000 	F:\Jvav_JDK\jdk_15.0.1\bin\server\jvm.dll
0x00007ffe71d30000 - 0x00007ffe71d38000 	C:\WINDOWS\System32\PSAPI.DLL
0x00007ffe508e0000 - 0x00007ffe508e9000 	C:\WINDOWS\SYSTEM32\WSOCK32.dll
0x00007ffe6b740000 - 0x00007ffe6b764000 	C:\WINDOWS\SYSTEM32\WINMM.dll
0x00007ffe72090000 - 0x00007ffe720ff000 	C:\WINDOWS\System32\WS2_32.dll
0x00007ffe6b710000 - 0x00007ffe6b73d000 	C:\WINDOWS\SYSTEM32\WINMMBASE.dll
0x00007ffe701d0000 - 0x00007ffe7021a000 	C:\WINDOWS\System32\cfgmgr32.dll
0x00007ffe6f0f0000 - 0x00007ffe6f101000 	C:\WINDOWS\System32\kernel.appcore.dll
0x00007ffe55250000 - 0x00007ffe5525a000 	F:\Jvav_JDK\jdk_15.0.1\bin\jimage.dll
0x00007ffe6eb20000 - 0x00007ffe6ed14000 	C:\WINDOWS\SYSTEM32\DBGHELP.DLL
0x00007ffe6e8c0000 - 0x00007ffe6e8ea000 	C:\WINDOWS\SYSTEM32\dbgcore.DLL
0x00007ffe53b00000 - 0x00007ffe53b0e000 	F:\Jvav_JDK\jdk_15.0.1\bin\instrument.dll
0x00007ffe47c80000 - 0x00007ffe47ca5000 	F:\Jvav_JDK\jdk_15.0.1\bin\java.dll

dbghelp: loaded successfully - version: 4.0.5 - missing functions: none
symbol engine: initialized successfully - sym options: 0x614 - pdb path: .;F:\Jvav_JDK\jdk_15.0.1\bin;C:\WINDOWS\SYSTEM32;C:\WINDOWS\WinSxS\amd64_microsoft.windows.common-controls_6595b64144ccf1df_6.0.18362.1500_none_9e79be6de462295c;F:\Jvav_JDK\jdk_15.0.1\bin\server

VM Arguments:
jvm_args: -javaagent:F:\Java\ideaIC-2020.3.2\lib\idea_rt.jar=3968:F:\Java\ideaIC-2020.3.2\bin -Dfile.encoding=UTF-8 
java_command: com.算法x动态规划算法.LC45跳跃游戏II
java_class_path (initial): F:\Java\LeetCode\out\production\LeetCode
Launcher Type: SUN_STANDARD

[Global flags]
     intx CICompilerCount                          = 4                                         {product} {ergonomic}
     uint ConcGCThreads                            = 3                                         {product} {ergonomic}
     uint G1ConcRefinementThreads                  = 10                                        {product} {ergonomic}
   size_t G1HeapRegionSize                         = 2097152                                   {product} {ergonomic}
    uintx GCDrainStackTargetSize                   = 64                                        {product} {ergonomic}
   size_t InitialHeapSize                          = 268435456                                 {product} {ergonomic}
   size_t MarkStackSize                            = 4194304                                   {product} {ergonomic}
   size_t MaxHeapSize                              = 4265607168                                {product} {ergonomic}
   size_t MinHeapDeltaBytes                        = 2097152                                   {product} {ergonomic}
   size_t MinHeapSize                              = 8388608                                   {product} {ergonomic}
    uintx NonNMethodCodeHeapSize                   = 5839372                                {pd product} {ergonomic}
    uintx NonProfiledCodeHeapSize                  = 122909434                              {pd product} {ergonomic}
    uintx ProfiledCodeHeapSize                     = 122909434                              {pd product} {ergonomic}
    uintx ReservedCodeCacheSize                    = 251658240                              {pd product} {ergonomic}
     bool SegmentedCodeCache                       = true                                      {product} {ergonomic}
   size_t SoftMaxHeapSize                          = 4265607168                             {manageable} {ergonomic}
     bool UseCompressedClassPointers               = true                                 {lp64_product} {ergonomic}
     bool UseCompressedOops                        = true                                 {lp64_product} {ergonomic}
     bool UseG1GC                                  = true                                      {product} {ergonomic}
     bool UseLargePagesIndividualAllocation        = false                                  {pd product} {ergonomic}

Logging:
Log output configuration:
 #0: stdout all=warning uptime,level,tags
 #1: stderr all=off uptime,level,tags

Environment Variables:
JAVA_HOME=F:\Jvav_JDK\jdk_15.0.1
CLASSPATH=.;F:\Jvav_JDK\jdk_15.0.1\lib;F:\Jvav_JDK\jdk_15.0.1\lib\tools.jar
PATH=C:\Program Files\Common Files\Oracle\Java\javapath;D:\CUDA-10\CUDA_Development\bin;D:\CUDA-10\CUDA_Development\libnvvp;C:\Program Files (x86)\Common Files\Oracle\Java\javapath;C:\Program Files (x86)\Intel\Intel(R) Management Engine Components\iCLS\;C:\Program Files\Intel\Intel(R) Management Engine Components\iCLS\;C:\Windows\system32;C:\Windows;C:\Windows\System32\Wbem;C:\Windows\System32\WindowsPowerShell\v1.0\;C:\Windows\System32\OpenSSH\;C:\Program Files\Intel\WiFi\bin\;C:\Program Files\Common Files\Intel\WirelessCommon\;C:\Program Files (x86)\Intel\Intel(R) Management Engine Components\DAL;C:\Program Files\Intel\Intel(R) Management Engine Components\DAL;C:\Program Files (x86)\Intel\Intel(R) Management Engine Components\IPT;C:\Program Files\Intel\Intel(R) Management Engine Components\IPT;F:\QQ\Bin;F:\Jvav_JDK\JDK\bin;F:\网页截图\FastStone Capture v8.6;C:;rogram Files\Microsoft VS Code\bin;C:\WINDOWS\system32;C:\WINDOWS;C:\WINDOWS\System32\Wbem;C:\WINDOWS\System32\WindowsPowerShell\v1.0\;C:\WINDOWS\System32\OpenSSH\;C:\Program Files\NVIDIA Corporation\Nsight Compute 2019.4.0\;C:\Program Files (x86)\NVIDIA Corporation\PhysX\Common;C:\Program Files\NVIDIA Corporation\NVIDIA NvDLISR;F:\PHP_environment\Composer;F:\putty\to\;E:\Calibre\to\;F:\GitHub\cmd;F:\Jvav_JDK\neo4j-community-4.2.1\bin;F:\pycharm\python3.7\Scripts\;F:\pycharm\python3.7\;F:\Anaconda\to;F:\Anaconda\to\Library\mingw-w64\bin;F:\Anaconda\to\Library\usr\bin;F:\Anaconda\to\Library\bin;F:\Anaconda\to\Scripts;C:\Users\Heaven\AppData\Local\Microsoft\WindowsApps;C:\texlive\2019\bin\win32;D:\CUDA-10\CUDA_Development\bin;D:\cuda\lib\x64;F:\ssh;F:\PHP_environment\PhpStorm\to\bin;;F:\PHP_environment\mysql-5.6.26-winx64\bin;F:\PHP_environment\PHP5.6;F:\PHP_environment\phpStudy_64\phpstudy_pro\Extensions\composer1.8.5;F:\PHP_environment\phpStudy_64\phpstudy_pro\Extensions\MySQL5.5.29\bin\;;F:\Java\ideaIC-2020.3.2\bin;;F:\WebStorm\bin;
USERNAME=Heaven
OS=Windows_NT
PROCESSOR_IDENTIFIER=Intel64 Family 6 Model 158 Stepping 10, GenuineIntel



---------------  S Y S T E M  ---------------

OS:
 Windows 10 , 64 bit Build 18362 (10.0.18362.1500)
OS uptime: 3 days 2:03 hours

CPU: total 12 (initial active 12) (6 cores per cpu, 2 threads per core) family 6 model 158 stepping 10 microcode 0xde, cmov, cx8, fxsr, mmx, sse, sse2, sse3, ssse3, sse4.1, sse4.2, popcnt, vzeroupper, avx, avx2, aes, clmul, erms, 3dnowpref, lzcnt, ht, tsc, tscinvbit, bmi1, bmi2, adx, fma, clflush, clflushopt

Memory: 4k page, system-wide physical 16271M (4468M free)
TotalPageFile size 22415M (AvailPageFile size 159M)
current process WorkingSet (physical memory assigned to process): 10M, peak: 10M
current process commit charge ("private bytes"): 64M, peak: 320M

vm_info: Java HotSpot(TM) 64-Bit Server VM (15.0.1+9-18) for windows-amd64 JRE (15.0.1+9-18), built on Sep 15 2020 14:43:54 by "mach5one" with unknown MS VC++:1925

END.
